<?xml version="1.0" encoding="UTF-8"?>
<!-- Generated by org.testng.reporters.JUnitReportReporter -->
<testsuite skipped="0" hostname="LAPTOP-NL1EMSF5" name="com.org.Specialistportal.AccountTest" tests="10" failures="0" timestamp="2020-05-11T17:09:26 IST" time="480.462" errors="0">
  <testcase name="Invalid" time="41.362" classname="com.org.Specialistportal.AccountTest"/>
  <system-out/>
  <testcase name="Forgotpassword" time="6.538" classname="com.org.Specialistportal.AccountTest"/>
  <system-out/>
  <testcase name="singin" time="82.903" classname="com.org.Specialistportal.AccountTest"/>
  <system-out/>
  <testcase name="over" time="89.796" classname="com.org.Specialistportal.AccountTest"/>
  <system-out/>
  <testcase name="Appoint" time="32.068" classname="com.org.Specialistportal.AccountTest"/>
  <system-out/>
  <testcase name="schedule" time="32.356" classname="com.org.Specialistportal.AccountTest"/>
  <system-out/>
  <testcase name="patients" time="54.229" classname="com.org.Specialistportal.AccountTest"/>
  <system-out/>
  <testcase name="Specialist" time="25.386" classname="com.org.Specialistportal.AccountTest"/>
  <system-out/>
  <testcase name="Resource" time="90.300" classname="com.org.Specialistportal.AccountTest"/>
  <system-out/>
  <testcase name="Profile" time="25.524" classname="com.org.Specialistportal.AccountTest"/>
  <system-out/>
</testsuite> <!-- com.org.Specialistportal.AccountTest -->
