<?xml version="1.0" encoding="UTF-8"?>
<!-- Generated by org.testng.reporters.JUnitReportReporter -->
<testsuite skipped="0" hostname="LAPTOP-NL1EMSF5" name="com.org.Specialistportal.Overview" tests="4" failures="0" timestamp="2020-05-10T20:10:31 IST" time="124.246" errors="0">
  <testcase name="Invalid" time="27.978" classname="com.org.Specialistportal.Overview"/>
  <system-out/>
  <testcase name="Forgotpassword" time="3.621" classname="com.org.Specialistportal.Overview"/>
  <system-out/>
  <testcase name="singin" time="26.636" classname="com.org.Specialistportal.Overview"/>
  <system-out/>
  <testcase name="over" time="66.011" classname="com.org.Specialistportal.Overview"/>
  <system-out/>
</testsuite> <!-- com.org.Specialistportal.Overview -->
