<?xml version="1.0" encoding="UTF-8"?>
<!-- Generated by org.testng.reporters.JUnitReportReporter -->
<testsuite skipped="0" hostname="LAPTOP-NL1EMSF5" name="com.org.Specialistportal.Account" tests="10" failures="0" timestamp="2020-05-10T20:25:38 IST" time="405.959" errors="0">
  <testcase name="Invalid" time="28.553" classname="com.org.Specialistportal.Account"/>
  <system-out/>
  <testcase name="Forgotpassword" time="3.747" classname="com.org.Specialistportal.Account"/>
  <system-out/>
  <testcase name="singin" time="18.165" classname="com.org.Specialistportal.Account"/>
  <system-out/>
  <testcase name="over" time="62.721" classname="com.org.Specialistportal.Account"/>
  <system-out/>
  <testcase name="Appoint" time="27.875" classname="com.org.Specialistportal.Account"/>
  <system-out/>
  <testcase name="schedule" time="31.573" classname="com.org.Specialistportal.Account"/>
  <system-out/>
  <testcase name="patients" time="59.002" classname="com.org.Specialistportal.Account"/>
  <system-out/>
  <testcase name="Specialist" time="53.410" classname="com.org.Specialistportal.Account"/>
  <system-out/>
  <testcase name="Resource" time="98.493" classname="com.org.Specialistportal.Account"/>
  <system-out/>
  <testcase name="Profile" time="22.420" classname="com.org.Specialistportal.Account"/>
  <system-out/>
</testsuite> <!-- com.org.Specialistportal.Account -->
