<?xml version="1.0" encoding="UTF-8"?>
<!-- Generated by org.testng.reporters.JUnitReportReporter -->
<testsuite skipped="0" hostname="LAPTOP-NL1EMSF5" name="com.org.Specialistportal.LoginTest" tests="4" failures="0" timestamp="2020-05-11T13:34:25 IST" time="58.962" errors="0">
  <testcase name="init" time="26.212" classname="com.org.Specialistportal.LoginTest"/>
  <system-out/>
  <testcase name="Invalid" time="6.790" classname="com.org.Specialistportal.LoginTest"/>
  <system-out/>
  <testcase name="Forgotpassword" time="3.904" classname="com.org.Specialistportal.LoginTest"/>
  <system-out/>
  <testcase name="singin" time="22.056" classname="com.org.Specialistportal.LoginTest"/>
  <system-out/>
</testsuite> <!-- com.org.Specialistportal.LoginTest -->
