<?xml version="1.0" encoding="UTF-8"?>
<!-- Generated by org.testng.reporters.JUnitReportReporter -->
<testsuite skipped="0" hostname="LAPTOP-NL1EMSF5" name="com.org.Specialistportal.Login" tests="3" failures="0" timestamp="2020-05-10T20:04:46 IST" time="81.938" errors="0">
  <testcase name="Invalid" time="49.990" classname="com.org.Specialistportal.Login"/>
  <system-out/>
  <testcase name="Forgotpassword" time="3.346" classname="com.org.Specialistportal.Login"/>
  <system-out/>
  <testcase name="singin" time="28.602" classname="com.org.Specialistportal.Login"/>
  <system-out/>
</testsuite> <!-- com.org.Specialistportal.Login -->
